<?xml version="1.0" encoding="utf-8"?><testsuites><testsuite time="0" tests="21" skipped="0" errors="20" failures="0" package="net.csslint" name="css/main.css"><testcase time="0" name="net.csslint.Bewareofbrokenboxsize"><error message="Using height with border-top can sometimes make elements larger than you expect."><![CDATA[45:5:    border-top: 1px solid #ccc;]]></error></testcase><testcase time="0" name="net.csslint.Disallow!important"><error message="Use of !important"><![CDATA[123:5:    display: none !important;]]></error></testcase><testcase time="0" name="net.csslint.Disallowadjoiningclasses"><error message="Don't use adjoining classes."><![CDATA[148:1:.visuallyhidden.focusable:active,]]></error></testcase><testcase time="0" name="net.csslint.Disallowadjoiningclasses"><error message="Don't use adjoining classes."><![CDATA[148:1:.visuallyhidden.focusable:active,]]></error></testcase><testcase time="0" name="net.csslint.Disallowadjoiningclasses"><error message="Don't use adjoining classes."><![CDATA[149:1:.visuallyhidden.focusable:focus {]]></error></testcase><testcase time="0" name="net.csslint.Disallowadjoiningclasses"><error message="Don't use adjoining classes."><![CDATA[149:1:.visuallyhidden.focusable:focus {]]></error></testcase><testcase time="0" name="net.csslint.Disallowuniversalselector"><error message="The universal selector (*) is known to be slow."><![CDATA[212:5:    *,]]></error></testcase><testcase time="0" name="net.csslint.Disallowuniversalselector"><error message="The universal selector (*) is known to be slow."><![CDATA[213:5:    *:before,]]></error></testcase><testcase time="0" name="net.csslint.Disallowuniversalselector"><error message="The universal selector (*) is known to be slow."><![CDATA[214:5:    *:after,]]></error></testcase><testcase time="0" name="net.csslint.Disallowuniversalselector"><error message="The universal selector (*) is known to be slow."><![CDATA[215:5:    *:first-letter,]]></error></testcase><testcase time="0" name="net.csslint.Disallowuniversalselector"><error message="The universal selector (*) is known to be slow."><![CDATA[216:5:    *:first-line {]]></error></testcase><testcase time="0" name="net.csslint.Disallow!important"><error message="Use of !important"><![CDATA[217:9:        background: transparent !important;]]></error></testcase><testcase time="0" name="net.csslint.Disallow!important"><error message="Use of !important"><![CDATA[218:9:        color: #000 !important; /* Black prints faster:]]></error></testcase><testcase time="0" name="net.csslint.Disallow!important"><error message="Use of !important"><![CDATA[220:9:        box-shadow: none !important;]]></error></testcase><testcase time="0" name="net.csslint.Disallow!important"><error message="Use of !important"><![CDATA[221:9:        text-shadow: none !important;]]></error></testcase><testcase time="0" name="net.csslint.Disallowselectorsthatlooklikeregexs"><error message="Attribute selectors with ^= are slow!"><![CDATA[242:6:    a[href^='#']:after,]]></error></testcase><testcase time="0" name="net.csslint.Disallowselectorsthatlooklikeregexs"><error message="Attribute selectors with ^= are slow!"><![CDATA[243:6:    a[href^='javascript:']:after {]]></error></testcase><testcase time="0" name="net.csslint.Disallow!important"><error message="Use of !important"><![CDATA[268:9:        max-width: 100% !important;]]></error></testcase><testcase time="0" name="net.csslint.Headingsshouldonlybedefinedonce"><error message="Heading (h2) has already been defined."><![CDATA[278:5:    h2,]]></error></testcase><testcase time="0" name="net.csslint.Headingsshouldonlybedefinedonce"><error message="Heading (h3) has already been defined."><![CDATA[279:5:    h3 {]]></error></testcase></testsuite><testsuite time="0" tests="8" skipped="0" errors="8" failures="0" package="net.csslint" name="css/normalize.css"><testcase time="0" name="net.csslint.Disallowunqualifiedattributeselectors"><error message="Unqualified attribute selectors are known to be slow."><![CDATA[77:1:[hidden],]]></error></testcase><testcase time="0" name="net.csslint.Disallowoutline:none"><error message="Outlines should only be modified using :focus."><![CDATA[98:1:a:active,]]></error></testcase><testcase time="0" name="net.csslint.Disallowuseofbox-sizing"><error message="The box-sizing property isn't supported in IE6 and IE7."><![CDATA[213:3:  box-sizing: content-box;]]></error></testcase><testcase time="0" name="net.csslint.Requirecompatiblevendorprefixes"><error message="The property -moz-appearance is compatible with -webkit-appearance and should be included as well."><![CDATA[294:3:  -webkit-appearance: button; /* 2 */]]></error></testcase><testcase time="0" name="net.csslint.Disallowuseofbox-sizing"><error message="The box-sizing property isn't supported in IE6 and IE7."><![CDATA[336:3:  box-sizing: border-box; /* 1 */]]></error></testcase><testcase time="0" name="net.csslint.Requirecompatiblevendorprefixes"><error message="The property -moz-appearance is compatible with -webkit-appearance and should be included as well."><![CDATA[357:3:  -webkit-appearance: textfield; /* 1 */]]></error></testcase><testcase time="0" name="net.csslint.Disallowuseofbox-sizing"><error message="The box-sizing property isn't supported in IE6 and IE7."><![CDATA[358:3:  box-sizing: content-box; /* 2 */]]></error></testcase><testcase time="0" name="net.csslint.Requirecompatiblevendorprefixes"><error message="The property -moz-appearance is compatible with -webkit-appearance and should be included as well."><![CDATA[369:3:  -webkit-appearance: none;]]></error></testcase></testsuite></testsuites>